<?xml version="1.0" encoding="UTF-8"?>
<testsuite name="실패한 경우" tests="3" skipped="0" failures="0" errors="0" timestamp="2022-07-29T10:07:50" hostname="MacBook-Pro.local" time="0.006">
  <properties/>
  <testcase name="A 과목 성적 50과 B 과목 성적 60은 실패이다" classname="PassOrNotWithBVATest$WhenPassed$WhenFailed" time="0.002"/>
  <testcase name="A 과목 성적 60과 B 과목 성적 50은 실패이다" classname="PassOrNotWithBVATest$WhenPassed$WhenFailed" time="0.0"/>
  <testcase name="A 과목 성적 60과 B 과목 성적 59은 실패이다" classname="PassOrNotWithBVATest$WhenPassed$WhenFailed" time="0.001"/>
  <system-out><![CDATA[]]></system-out>
  <system-err><![CDATA[]]></system-err>
</testsuite>
