<?xml version="1.0" encoding="UTF-8"?>
<testsuite name="PracjacocoTest" tests="3" skipped="0" failures="0" errors="0" timestamp="2022-07-29T23:53:22" hostname="MacBook-Pro.local" time="0.091">
  <properties/>
  <testcase name="분기테스팅" classname="PracjacocoTest" time="0.076"/>
  <testcase name="분기테스팅" classname="PracjacocoTest" time="0.005"/>
  <testcase name="분기테스팅" classname="PracjacocoTest" time="0.002"/>
  <system-out><![CDATA[]]></system-out>
  <system-err><![CDATA[]]></system-err>
</testsuite>
